2023-06-12 18:06:38 INFO  MyLogger:52 - Option {1. PDF to txt }, {2. png to txt}, {3. for both (png & pdf to txt)}
2023-06-12 18:06:42 INFO  MyLogger:47 - Please Enter The File Name or 0 to convert all files and also for Exit
2023-06-12 18:06:55 INFO  MyLogger:327 - cautomatic.pdf File Conversion Is Started...
2023-06-12 18:06:55 INFO  MyLogger:345 - cautomatic.pdf To cautomatic.txt File Conversion Is Success!!!
2023-06-12 18:07:13 INFO  MyLogger:327 - Degree_3_Year.pdf File Conversion Is Started...
2023-06-12 18:07:13 INFO  MyLogger:345 - Degree_3_Year.pdf To Degree_3_Year.txt File Conversion Is Success!!!
2023-06-12 18:07:26 INFO  MyLogger:327 - Version.pdf File Conversion Is Started...
2023-06-12 18:07:26 INFO  MyLogger:345 - Version.pdf To Version.txt File Conversion Is Success!!!
2023-06-12 18:07:35 INFO  MyLogger:327 - Just_Sample.pdf File Conversion Is Started...
2023-06-12 18:07:35 INFO  MyLogger:345 - Just_Sample.pdf To Just_Sample.txt File Conversion Is Success!!!
2023-06-12 18:08:35 INFO  MyLogger:52 - Option {1. PDF to txt }, {2. png to txt}, {3. for both (png & pdf to txt)}
2023-06-12 18:08:36 INFO  MyLogger:46 - Please Enter The File Name or 0 to convert all files and also for Exit
2023-06-12 18:08:54 INFO  MyLogger:52 - Option {1. PDF to txt }, {2. png to txt}, {3. for both (png & pdf to txt)}
2023-06-12 18:08:55 INFO  MyLogger:46 - Please Enter The File Name or 0 to convert all files and also for Exit
2023-06-12 18:09:01 ERROR MyLogger:349 - TesseractException ::
net.sourceforge.tess4j.TesseractException: java.lang.NullPointerException
	at net.sourceforge.tess4j.Tesseract.doOCR(Tesseract.java:246)
	at net.sourceforge.tess4j.Tesseract.doOCR(Tesseract.java:195)
	at com.logilite.pdfToTexttt.ScanPdfToText.pdfFileProcessing(ScanPdfToText.java:325)
	at com.logilite.pdfToTexttt.ScanPdfToText.checkFileFoundCount(ScanPdfToText.java:436)
	at com.logilite.pdfToTexttt.ScanPdfToText.CheckFiles(ScanPdfToText.java:271)
	at com.logilite.pdfToTexttt.BothPDFAndPNG.bothConversion(BothPDFAndPNG.java:64)
	at com.logilite.pdfToTexttt.ScanPdfToText.takenInfoFromUser(ScanPdfToText.java:68)
	at com.logilite.pdfToTexttt.ScanPdfToText.main(ScanPdfToText.java:47)
Caused by: java.lang.NullPointerException
	at java.base/java.util.Arrays.sort(Arrays.java:1441)
	at net.sourceforge.tess4j.util.PdfBoxUtilities.convertPdf2Png(PdfBoxUtilities.java:124)
	at net.sourceforge.tess4j.util.PdfBoxUtilities.convertPdf2Tiff(PdfBoxUtilities.java:58)
	at net.sourceforge.tess4j.util.PdfUtilities.convertPdf2Tiff(PdfUtilities.java:41)
	at net.sourceforge.tess4j.util.PdfUtilities.convertPdf2Tiff(PdfUtilities.java:47)
	at net.sourceforge.tess4j.util.ImageIOHelper.getImageFile(ImageIOHelper.java:327)
	at net.sourceforge.tess4j.Tesseract.doOCR(Tesseract.java:211)
	... 7 more
2023-06-12 18:09:39 INFO  MyLogger:52 - Option {1. PDF to txt }, {2. png to txt}, {3. for both (png & pdf to txt)}
2023-06-12 18:09:45 INFO  MyLogger:46 - Please Enter The File Name or 0 to convert all files and also for Exit
2023-06-12 18:10:08 INFO  MyLogger:52 - Option {1. PDF to txt }, {2. png to txt}, {3. for both (png & pdf to txt)}
2023-06-12 18:10:10 INFO  MyLogger:46 - Please Enter The File Name or 0 to convert all files and also for Exit
2023-06-12 18:11:35 ERROR MyLogger:349 - TesseractException ::
net.sourceforge.tess4j.TesseractException: java.lang.NullPointerException
	at net.sourceforge.tess4j.Tesseract.doOCR(Tesseract.java:246)
	at net.sourceforge.tess4j.Tesseract.doOCR(Tesseract.java:195)
	at com.logilite.pdfToTexttt.ScanPdfToText.pdfFileProcessing(ScanPdfToText.java:325)
	at com.logilite.pdfToTexttt.ScanPdfToText.checkFileFoundCount(ScanPdfToText.java:436)
	at com.logilite.pdfToTexttt.ScanPdfToText.CheckFiles(ScanPdfToText.java:271)
	at com.logilite.pdfToTexttt.BothPDFAndPNG.bothConversion(BothPDFAndPNG.java:64)
	at com.logilite.pdfToTexttt.ScanPdfToText.takenInfoFromUser(ScanPdfToText.java:68)
	at com.logilite.pdfToTexttt.ScanPdfToText.main(ScanPdfToText.java:47)
Caused by: java.lang.NullPointerException
	at java.base/java.util.Arrays.sort(Arrays.java:1441)
	at net.sourceforge.tess4j.util.PdfBoxUtilities.convertPdf2Png(PdfBoxUtilities.java:124)
	at net.sourceforge.tess4j.util.PdfBoxUtilities.convertPdf2Tiff(PdfBoxUtilities.java:58)
	at net.sourceforge.tess4j.util.PdfUtilities.convertPdf2Tiff(PdfUtilities.java:41)
	at net.sourceforge.tess4j.util.PdfUtilities.convertPdf2Tiff(PdfUtilities.java:47)
	at net.sourceforge.tess4j.util.ImageIOHelper.getImageFile(ImageIOHelper.java:327)
	at net.sourceforge.tess4j.Tesseract.doOCR(Tesseract.java:211)
	... 7 more
2023-06-12 18:11:49 INFO  MyLogger:52 - Option {1. PDF to txt }, {2. png to txt}, {3. for both (png & pdf to txt)}
2023-06-12 18:11:59 INFO  MyLogger:46 - Please Enter The File Name or 0 to convert all files and also for Exit
2023-06-12 18:13:32 ERROR MyLogger:349 - TesseractException ::
net.sourceforge.tess4j.TesseractException: java.lang.NullPointerException
	at net.sourceforge.tess4j.Tesseract.doOCR(Tesseract.java:246)
	at net.sourceforge.tess4j.Tesseract.doOCR(Tesseract.java:195)
	at com.logilite.pdfToTexttt.ScanPdfToText.pdfFileProcessing(ScanPdfToText.java:325)
	at com.logilite.pdfToTexttt.ScanPdfToText.checkFileFoundCount(ScanPdfToText.java:436)
	at com.logilite.pdfToTexttt.ScanPdfToText.CheckFiles(ScanPdfToText.java:271)
	at com.logilite.pdfToTexttt.BothPDFAndPNG.bothConversion(BothPDFAndPNG.java:64)
	at com.logilite.pdfToTexttt.ScanPdfToText.takenInfoFromUser(ScanPdfToText.java:68)
	at com.logilite.pdfToTexttt.ScanPdfToText.main(ScanPdfToText.java:47)
Caused by: java.lang.NullPointerException
	at java.base/java.util.Arrays.sort(Arrays.java:1441)
	at net.sourceforge.tess4j.util.PdfBoxUtilities.convertPdf2Png(PdfBoxUtilities.java:124)
	at net.sourceforge.tess4j.util.PdfBoxUtilities.convertPdf2Tiff(PdfBoxUtilities.java:58)
	at net.sourceforge.tess4j.util.PdfUtilities.convertPdf2Tiff(PdfUtilities.java:41)
	at net.sourceforge.tess4j.util.PdfUtilities.convertPdf2Tiff(PdfUtilities.java:47)
	at net.sourceforge.tess4j.util.ImageIOHelper.getImageFile(ImageIOHelper.java:327)
	at net.sourceforge.tess4j.Tesseract.doOCR(Tesseract.java:211)
	... 7 more
2023-06-12 18:13:53 INFO  MyLogger:52 - Option {1. PDF to txt }, {2. png to txt}, {3. for both (png & pdf to txt)}
2023-06-12 18:13:57 INFO  MyLogger:52 - Option {1. PDF to txt }, {2. png to txt}, {3. for both (png & pdf to txt)}
2023-06-12 18:14:00 INFO  MyLogger:46 - Please Enter The File Name or 0 to convert all files and also for Exit
2023-06-12 18:14:15 INFO  MyLogger:327 - cautomatic.pdf File Conversion Is Started...
2023-06-12 18:14:15 INFO  MyLogger:345 - cautomatic.pdf To cautomatic.txt File Conversion Is Success!!!
2023-06-12 18:14:19 INFO  MyLogger:52 - Option {1. PDF to txt }, {2. png to txt}, {3. for both (png & pdf to txt)}
2023-06-12 18:14:21 INFO  MyLogger:46 - Please Enter The File Name or 0 to convert all files and also for Exit
2023-06-12 18:19:09 INFO  MyLogger:52 - Option {1. PDF to txt }, {2. png to txt}, {3. for both (png & pdf to txt)}
2023-06-12 18:19:22 INFO  MyLogger:52 - Option {1. PDF to txt }, {2. png to txt}, {3. for both (png & pdf to txt)}
2023-06-12 18:19:26 INFO  MyLogger:46 - Please Enter The File Name or 0 to convert all files and also for Exit
2023-06-12 18:21:26 ERROR MyLogger:349 - TesseractException ::
net.sourceforge.tess4j.TesseractException: java.lang.NullPointerException
	at net.sourceforge.tess4j.Tesseract.doOCR(Tesseract.java:246)
	at net.sourceforge.tess4j.Tesseract.doOCR(Tesseract.java:195)
	at com.logilite.pdfToTexttt.ScanPdfToText.pdfFileProcessing(ScanPdfToText.java:325)
	at com.logilite.pdfToTexttt.ScanPdfToText.checkFileFoundCount(ScanPdfToText.java:436)
	at com.logilite.pdfToTexttt.ScanPdfToText.CheckFiles(ScanPdfToText.java:271)
	at com.logilite.pdfToTexttt.BothPDFAndPNG.bothConversion(BothPDFAndPNG.java:64)
	at com.logilite.pdfToTexttt.ScanPdfToText.takenInfoFromUser(ScanPdfToText.java:68)
	at com.logilite.pdfToTexttt.ScanPdfToText.main(ScanPdfToText.java:47)
Caused by: java.lang.NullPointerException
	at java.base/java.util.Arrays.sort(Arrays.java:1441)
	at net.sourceforge.tess4j.util.PdfBoxUtilities.convertPdf2Png(PdfBoxUtilities.java:124)
	at net.sourceforge.tess4j.util.PdfBoxUtilities.convertPdf2Tiff(PdfBoxUtilities.java:58)
	at net.sourceforge.tess4j.util.PdfUtilities.convertPdf2Tiff(PdfUtilities.java:41)
	at net.sourceforge.tess4j.util.PdfUtilities.convertPdf2Tiff(PdfUtilities.java:47)
	at net.sourceforge.tess4j.util.ImageIOHelper.getImageFile(ImageIOHelper.java:327)
	at net.sourceforge.tess4j.Tesseract.doOCR(Tesseract.java:211)
	... 7 more
2023-06-12 18:21:31 INFO  MyLogger:52 - Option {1. PDF to txt }, {2. png to txt}, {3. for both (png & pdf to txt)}
2023-06-12 18:21:47 INFO  MyLogger:52 - Option {1. PDF to txt }, {2. png to txt}, {3. for both (png & pdf to txt)}
2023-06-12 18:21:51 INFO  MyLogger:46 - Please Enter The File Name or 0 to convert all files and also for Exit
2023-06-12 18:23:45 ERROR MyLogger:349 - TesseractException ::
net.sourceforge.tess4j.TesseractException: java.lang.NullPointerException
	at net.sourceforge.tess4j.Tesseract.doOCR(Tesseract.java:246)
	at net.sourceforge.tess4j.Tesseract.doOCR(Tesseract.java:195)
	at com.logilite.pdfToTexttt.ScanPdfToText.pdfFileProcessing(ScanPdfToText.java:325)
	at com.logilite.pdfToTexttt.ScanPdfToText.checkFileFoundCount(ScanPdfToText.java:436)
	at com.logilite.pdfToTexttt.ScanPdfToText.CheckFiles(ScanPdfToText.java:271)
	at com.logilite.pdfToTexttt.BothPDFAndPNG.bothConversion(BothPDFAndPNG.java:64)
	at com.logilite.pdfToTexttt.ScanPdfToText.takenInfoFromUser(ScanPdfToText.java:68)
	at com.logilite.pdfToTexttt.ScanPdfToText.main(ScanPdfToText.java:47)
Caused by: java.lang.NullPointerException
	at java.base/java.util.Arrays.sort(Arrays.java:1441)
	at net.sourceforge.tess4j.util.PdfBoxUtilities.convertPdf2Png(PdfBoxUtilities.java:124)
	at net.sourceforge.tess4j.util.PdfBoxUtilities.convertPdf2Tiff(PdfBoxUtilities.java:58)
	at net.sourceforge.tess4j.util.PdfUtilities.convertPdf2Tiff(PdfUtilities.java:41)
	at net.sourceforge.tess4j.util.PdfUtilities.convertPdf2Tiff(PdfUtilities.java:47)
	at net.sourceforge.tess4j.util.ImageIOHelper.getImageFile(ImageIOHelper.java:327)
	at net.sourceforge.tess4j.Tesseract.doOCR(Tesseract.java:211)
	... 7 more
2023-06-12 18:25:33 INFO  MyLogger:52 - Option {1. PDF to txt }, {2. png to txt}, {3. for both (png & pdf to txt)}
2023-06-12 18:25:37 INFO  MyLogger:46 - Please Enter The File Name or 0 to convert all files and also for Exit
2023-06-12 18:27:45 INFO  MyLogger:327 - cautomatic.pdf File Conversion Is Started...
2023-06-12 18:36:34 INFO  MyLogger:52 - Option {1. PDF to txt }, {2. png to txt}, {3. for both (png & pdf to txt)}
2023-06-12 18:36:40 INFO  MyLogger:47 - Please Enter The File Name or 0 to convert all files and also for Exit
2023-06-12 18:36:43 INFO  MyLogger:129 - Please Enter Valid .pdf File Name And 0 For Next Process
2023-06-12 18:36:56 ERROR MyLogger:349 - TesseractException ::
net.sourceforge.tess4j.TesseractException: java.lang.NullPointerException
	at net.sourceforge.tess4j.Tesseract.doOCR(Tesseract.java:246)
	at net.sourceforge.tess4j.Tesseract.doOCR(Tesseract.java:195)
	at com.logilite.pdfToTexttt.ScanPdfToText.pdfFileProcessing(ScanPdfToText.java:325)
	at com.logilite.pdfToTexttt.ScanPdfToText.checkFileFoundCount(ScanPdfToText.java:422)
	at com.logilite.pdfToTexttt.ScanPdfToText.CheckFiles(ScanPdfToText.java:271)
	at com.logilite.pdfToTexttt.PDF.pdfToText(PDF.java:64)
	at com.logilite.pdfToTexttt.ScanPdfToText.takenInfoFromUser(ScanPdfToText.java:60)
	at com.logilite.pdfToTexttt.ScanPdfToText.main(ScanPdfToText.java:47)
Caused by: java.lang.NullPointerException
	at java.base/java.util.Arrays.sort(Arrays.java:1441)
	at net.sourceforge.tess4j.util.PdfBoxUtilities.convertPdf2Png(PdfBoxUtilities.java:124)
	at net.sourceforge.tess4j.util.PdfBoxUtilities.convertPdf2Tiff(PdfBoxUtilities.java:58)
	at net.sourceforge.tess4j.util.PdfUtilities.convertPdf2Tiff(PdfUtilities.java:41)
	at net.sourceforge.tess4j.util.PdfUtilities.convertPdf2Tiff(PdfUtilities.java:47)
	at net.sourceforge.tess4j.util.ImageIOHelper.getImageFile(ImageIOHelper.java:327)
	at net.sourceforge.tess4j.Tesseract.doOCR(Tesseract.java:211)
	... 7 more
2023-06-12 18:42:02 INFO  MyLogger:52 - Option {1. PDF to txt }, {2. png to txt}, {3. for both (png & pdf to txt)}
2023-06-12 18:42:06 INFO  MyLogger:47 - Please Enter The File Name or 0 to convert all files and also for Exit
2023-06-12 18:42:07 INFO  MyLogger:282 - Pdf Files Are Not There
2023-06-12 18:42:19 INFO  MyLogger:52 - Option {1. PDF to txt }, {2. png to txt}, {3. for both (png & pdf to txt)}
2023-06-12 18:42:24 INFO  MyLogger:47 - Please Enter The File Name or 0 to convert all files and also for Exit
2023-06-12 18:53:17 INFO  MyLogger:52 - Option {1. PDF to txt }, {2. png to txt}, {3. for both (png & pdf to txt)}
2023-06-12 18:53:19 INFO  MyLogger:47 - Please Enter The File Name or 0 to convert all files and also for Exit
2023-06-12 18:53:39 INFO  MyLogger:52 - Option {1. PDF to txt }, {2. png to txt}, {3. for both (png & pdf to txt)}
2023-06-12 18:53:40 INFO  MyLogger:47 - Please Enter The File Name or 0 to convert all files and also for Exit
2023-06-12 18:54:51 INFO  MyLogger:52 - Option {1. PDF to txt }, {2. png to txt}, {3. for both (png & pdf to txt)}
2023-06-12 18:54:52 INFO  MyLogger:47 - Please Enter The File Name or 0 to convert all files and also for Exit
2023-06-12 18:56:03 INFO  MyLogger:52 - Option {1. PDF to txt }, {2. png to txt}, {3. for both (png & pdf to txt)}
2023-06-12 18:56:05 INFO  MyLogger:47 - Please Enter The File Name or 0 to convert all files and also for Exit
2023-06-12 18:57:40 INFO  MyLogger:52 - Option {1. PDF to txt }, {2. png to txt}, {3. for both (png & pdf to txt)}
2023-06-12 18:57:41 INFO  MyLogger:47 - Please Enter The File Name or 0 to convert all files and also for Exit
2023-06-12 18:57:57 INFO  MyLogger:52 - Option {1. PDF to txt }, {2. png to txt}, {3. for both (png & pdf to txt)}
2023-06-12 18:57:58 INFO  MyLogger:47 - Please Enter The File Name or 0 to convert all files and also for Exit
2023-06-12 19:00:59 INFO  MyLogger:52 - Option {1. PDF to txt }, {2. png to txt}, {3. for both (png & pdf to txt)}
2023-06-12 19:01:01 INFO  MyLogger:47 - Please Enter The File Name or 0 to convert all files and also for Exit
2023-06-12 19:01:23 INFO  MyLogger:52 - Option {1. PDF to txt }, {2. png to txt}, {3. for both (png & pdf to txt)}
2023-06-12 19:01:25 INFO  MyLogger:47 - Please Enter The File Name or 0 to convert all files and also for Exit
2023-06-12 19:01:46 INFO  MyLogger:52 - Option {1. PDF to txt }, {2. png to txt}, {3. for both (png & pdf to txt)}
2023-06-12 19:01:47 INFO  MyLogger:47 - Please Enter The File Name or 0 to convert all files and also for Exit
2023-06-12 19:03:03 INFO  MyLogger:52 - Option {1. PDF to txt }, {2. png to txt}, {3. for both (png & pdf to txt)}
2023-06-12 19:03:04 INFO  MyLogger:47 - Please Enter The File Name or 0 to convert all files and also for Exit
2023-06-12 19:03:20 INFO  MyLogger:52 - Option {1. PDF to txt }, {2. png to txt}, {3. for both (png & pdf to txt)}
2023-06-12 19:03:21 INFO  MyLogger:47 - Please Enter The File Name or 0 to convert all files and also for Exit
2023-06-12 19:03:38 INFO  MyLogger:52 - Option {1. PDF to txt }, {2. png to txt}, {3. for both (png & pdf to txt)}
2023-06-12 19:03:39 INFO  MyLogger:47 - Please Enter The File Name or 0 to convert all files and also for Exit
2023-06-12 19:04:03 INFO  MyLogger:52 - Option {1. PDF to txt }, {2. png to txt}, {3. for both (png & pdf to txt)}
2023-06-12 19:04:04 INFO  MyLogger:47 - Please Enter The File Name or 0 to convert all files and also for Exit
2023-06-12 19:05:47 INFO  MyLogger:52 - Option {1. PDF to txt }, {2. png to txt}, {3. for both (png & pdf to txt)}
2023-06-12 19:05:48 INFO  MyLogger:47 - Please Enter The File Name or 0 to convert all files and also for Exit
2023-06-12 19:07:21 INFO  MyLogger:52 - Option {1. PDF to txt }, {2. png to txt}, {3. for both (png & pdf to txt)}
2023-06-12 19:07:22 INFO  MyLogger:47 - Please Enter The File Name or 0 to convert all files and also for Exit
2023-06-12 19:07:36 INFO  MyLogger:52 - Option {1. PDF to txt }, {2. png to txt}, {3. for both (png & pdf to txt)}
2023-06-12 19:07:37 INFO  MyLogger:47 - Please Enter The File Name or 0 to convert all files and also for Exit
2023-06-12 19:09:25 INFO  MyLogger:52 - Option {1. PDF to txt }, {2. png to txt}, {3. for both (png & pdf to txt)}
2023-06-12 19:09:26 INFO  MyLogger:47 - Please Enter The File Name or 0 to convert all files and also for Exit
2023-06-12 19:10:44 INFO  MyLogger:52 - Option {1. PDF to txt }, {2. png to txt}, {3. for both (png & pdf to txt)}
2023-06-12 19:10:45 INFO  MyLogger:48 - Please Enter The File Name or 0 to convert all file and also for Exit
2023-06-12 19:11:42 INFO  MyLogger:52 - Option {1. PDF to txt }, {2. png to txt}, {3. for both (png & pdf to txt)}
2023-06-12 19:11:43 INFO  MyLogger:47 - Please Enter The File Name or 0 to convert all files and also for Exit
2023-06-12 19:12:37 INFO  MyLogger:52 - Option {1. PDF to txt }, {2. png to txt}, {3. for both (png & pdf to txt)}
2023-06-12 19:12:38 INFO  MyLogger:47 - Please Enter The File Name or 0 to convert all files and also for Exit
2023-06-12 19:12:54 INFO  MyLogger:52 - Option {1. PDF to txt }, {2. png to txt}, {3. for both (png & pdf to txt)}
2023-06-12 19:12:56 INFO  MyLogger:47 - Please Enter The File Name or 0 to convert all files and also for Exit
2023-06-12 19:13:14 INFO  MyLogger:52 - Option {1. PDF to txt }, {2. png to txt}, {3. for both (png & pdf to txt)}
2023-06-12 19:13:15 INFO  MyLogger:47 - Please Enter The File Name or 0 to convert all files and also for Exit
2023-06-12 19:14:17 INFO  MyLogger:52 - Option {1. PDF to txt }, {2. png to txt}, {3. for both (png & pdf to txt)}
2023-06-12 19:14:19 INFO  MyLogger:47 - Please Enter The File Name or 0 to convert all files and also for Exit
2023-06-12 19:14:36 INFO  MyLogger:52 - Option {1. PDF to txt }, {2. png to txt}, {3. for both (png & pdf to txt)}
2023-06-12 19:14:37 INFO  MyLogger:47 - Please Enter The File Name or 0 to convert all files and also for Exit
2023-06-12 19:14:52 INFO  MyLogger:52 - Option {1. PDF to txt }, {2. png to txt}, {3. for both (png & pdf to txt)}
2023-06-12 19:14:53 INFO  MyLogger:47 - Please Enter The File Name or 0 to convert all files and also for Exit
2023-06-12 19:15:21 INFO  MyLogger:52 - Option {1. PDF to txt }, {2. png to txt}, {3. for both (png & pdf to txt)}
2023-06-12 19:15:22 INFO  MyLogger:47 - Please Enter The File Name or 0 to convert all files and also for Exit
2023-06-12 19:15:35 INFO  MyLogger:327 - cautomatic.pdf File Conversion Is Started...
2023-06-12 19:15:35 INFO  MyLogger:345 - cautomatic.pdf To cautomatic.txt File Conversion Is Success!!!
2023-06-12 19:15:43 INFO  MyLogger:327 - Just_Sample.pdf File Conversion Is Started...
2023-06-12 19:15:43 INFO  MyLogger:345 - Just_Sample.pdf To Just_Sample.txt File Conversion Is Success!!!
2023-06-12 19:15:52 INFO  MyLogger:52 - Option {1. PDF to txt }, {2. png to txt}, {3. for both (png & pdf to txt)}
2023-06-12 19:15:55 INFO  MyLogger:47 - Please Enter The File Name or 0 to convert all files and also for Exit
2023-06-12 19:16:10 INFO  MyLogger:327 - cautomatic.3.pdf File Conversion Is Started...
2023-06-12 19:16:10 INFO  MyLogger:345 - cautomatic.3.pdf To cautomatic.3.txt File Conversion Is Success!!!
2023-06-12 19:16:23 INFO  MyLogger:327 - cautomatic.pdf File Conversion Is Started...
2023-06-12 19:16:23 INFO  MyLogger:345 - cautomatic.pdf To cautomatic.txt File Conversion Is Success!!!
2023-06-12 19:16:35 INFO  MyLogger:327 - cautomatic.2.pdf File Conversion Is Started...
2023-06-12 19:16:35 INFO  MyLogger:345 - cautomatic.2.pdf To cautomatic.2.txt File Conversion Is Success!!!
2023-06-12 19:16:43 INFO  MyLogger:327 - Just_Sample.pdf File Conversion Is Started...
2023-06-12 19:16:43 INFO  MyLogger:345 - Just_Sample.pdf To Just_Sample.txt File Conversion Is Success!!!
2023-06-12 19:16:55 INFO  MyLogger:327 - cautomatic.4.pdf File Conversion Is Started...
2023-06-12 19:16:55 INFO  MyLogger:345 - cautomatic.4.pdf To cautomatic.4.txt File Conversion Is Success!!!
2023-06-12 19:17:06 INFO  MyLogger:327 - cautomatic.5.pdf File Conversion Is Started...
2023-06-12 19:17:06 INFO  MyLogger:345 - cautomatic.5.pdf To cautomatic.5.txt File Conversion Is Success!!!
2023-06-12 19:17:17 INFO  MyLogger:327 - cautomatic.6.pdf File Conversion Is Started...
2023-06-12 19:17:17 INFO  MyLogger:345 - cautomatic.6.pdf To cautomatic.6.txt File Conversion Is Success!!!
2023-06-12 19:17:30 INFO  MyLogger:327 - cautomatic.7.pdf File Conversion Is Started...
2023-06-12 19:17:30 INFO  MyLogger:345 - cautomatic.7.pdf To cautomatic.7.txt File Conversion Is Success!!!
2023-06-12 19:17:52 INFO  MyLogger:327 - Degree_3_Year.pdf File Conversion Is Started...
2023-06-12 19:17:52 INFO  MyLogger:345 - Degree_3_Year.pdf To Degree_3_Year.txt File Conversion Is Success!!!
2023-06-12 19:19:04 INFO  MyLogger:52 - Option {1. PDF to txt }, {2. png to txt}, {3. for both (png & pdf to txt)}
2023-06-12 19:19:06 INFO  MyLogger:47 - Please Enter The File Name or 0 to convert all files and also for Exit
2023-06-12 19:19:45 INFO  MyLogger:52 - Option {1. PDF to txt }, {2. png to txt}, {3. for both (png & pdf to txt)}
2023-06-12 19:19:46 INFO  MyLogger:47 - Please Enter The File Name or 0 to convert all files and also for Exit
2023-06-12 19:20:02 INFO  MyLogger:333 - cautomatic.3.pdf File Conversion Is Started...
2023-06-12 19:20:02 INFO  MyLogger:351 - cautomatic.3.pdf To cautomatic.3.txt File Conversion Is Success!!!
2023-06-12 19:20:14 INFO  MyLogger:333 - cautomatic.pdf File Conversion Is Started...
2023-06-12 19:20:14 INFO  MyLogger:351 - cautomatic.pdf To cautomatic.txt File Conversion Is Success!!!
2023-06-12 19:20:26 INFO  MyLogger:333 - cautomatic.2.pdf File Conversion Is Started...
2023-06-12 19:20:26 INFO  MyLogger:351 - cautomatic.2.pdf To cautomatic.2.txt File Conversion Is Success!!!
2023-06-12 19:20:34 INFO  MyLogger:333 - Just_Sample.pdf File Conversion Is Started...
2023-06-12 19:20:34 INFO  MyLogger:351 - Just_Sample.pdf To Just_Sample.txt File Conversion Is Success!!!
2023-06-12 19:20:47 INFO  MyLogger:333 - cautomatic.4.pdf File Conversion Is Started...
2023-06-12 19:20:47 INFO  MyLogger:351 - cautomatic.4.pdf To cautomatic.4.txt File Conversion Is Success!!!
2023-06-12 19:20:59 INFO  MyLogger:333 - cautomatic.5.pdf File Conversion Is Started...
2023-06-12 19:20:59 INFO  MyLogger:351 - cautomatic.5.pdf To cautomatic.5.txt File Conversion Is Success!!!
2023-06-12 19:21:02 INFO  MyLogger:52 - Option {1. PDF to txt }, {2. png to txt}, {3. for both (png & pdf to txt)}
2023-06-12 19:21:03 INFO  MyLogger:47 - Please Enter The File Name or 0 to convert all files and also for Exit
2023-06-12 19:21:18 INFO  MyLogger:331 - cautomatic.3.pdf File Conversion Is Started...
2023-06-12 19:21:18 INFO  MyLogger:349 - cautomatic.3.pdf To cautomatic.3.txt File Conversion Is Success!!!
2023-06-12 19:21:30 INFO  MyLogger:331 - cautomatic.pdf File Conversion Is Started...
2023-06-12 19:21:30 INFO  MyLogger:349 - cautomatic.pdf To cautomatic.txt File Conversion Is Success!!!
2023-06-12 19:21:41 INFO  MyLogger:331 - cautomatic.2.pdf File Conversion Is Started...
2023-06-12 19:21:41 INFO  MyLogger:349 - cautomatic.2.pdf To cautomatic.2.txt File Conversion Is Success!!!
2023-06-12 19:21:49 INFO  MyLogger:331 - Just_Sample.pdf File Conversion Is Started...
2023-06-12 19:21:49 INFO  MyLogger:349 - Just_Sample.pdf To Just_Sample.txt File Conversion Is Success!!!
2023-06-12 19:22:01 INFO  MyLogger:331 - cautomatic.4.pdf File Conversion Is Started...
2023-06-12 19:22:01 INFO  MyLogger:349 - cautomatic.4.pdf To cautomatic.4.txt File Conversion Is Success!!!
2023-06-12 19:22:14 INFO  MyLogger:331 - cautomatic.5.pdf File Conversion Is Started...
2023-06-12 19:22:14 INFO  MyLogger:349 - cautomatic.5.pdf To cautomatic.5.txt File Conversion Is Success!!!
2023-06-12 19:22:21 INFO  MyLogger:52 - Option {1. PDF to txt }, {2. png to txt}, {3. for both (png & pdf to txt)}
2023-06-12 19:22:22 INFO  MyLogger:46 - Please Enter The File Name or 0 to convert all files and also for Exit
2023-06-12 19:22:24 ERROR MyLogger:353 - TesseractException ::
net.sourceforge.tess4j.TesseractException: java.lang.NullPointerException
	at net.sourceforge.tess4j.Tesseract.doOCR(Tesseract.java:246)
	at net.sourceforge.tess4j.Tesseract.doOCR(Tesseract.java:195)
	at com.logilite.pdfToTexttt.ScanPdfToText.pdfFileProcessing(ScanPdfToText.java:329)
	at com.logilite.pdfToTexttt.ScanPdfToText.checkFileFoundCount(ScanPdfToText.java:440)
	at com.logilite.pdfToTexttt.ScanPdfToText.CheckFiles(ScanPdfToText.java:271)
	at com.logilite.pdfToTexttt.BothPDFAndPNG.bothConversion(BothPDFAndPNG.java:64)
	at com.logilite.pdfToTexttt.ScanPdfToText.takenInfoFromUser(ScanPdfToText.java:68)
	at com.logilite.pdfToTexttt.ScanPdfToText.main(ScanPdfToText.java:47)
Caused by: java.lang.NullPointerException
	at java.base/java.util.Arrays.sort(Arrays.java:1441)
	at net.sourceforge.tess4j.util.PdfBoxUtilities.convertPdf2Png(PdfBoxUtilities.java:124)
	at net.sourceforge.tess4j.util.PdfBoxUtilities.convertPdf2Tiff(PdfBoxUtilities.java:58)
	at net.sourceforge.tess4j.util.PdfUtilities.convertPdf2Tiff(PdfUtilities.java:41)
	at net.sourceforge.tess4j.util.PdfUtilities.convertPdf2Tiff(PdfUtilities.java:47)
	at net.sourceforge.tess4j.util.ImageIOHelper.getImageFile(ImageIOHelper.java:327)
	at net.sourceforge.tess4j.Tesseract.doOCR(Tesseract.java:211)
	... 7 more
2023-06-12 19:22:34 INFO  MyLogger:52 - Option {1. PDF to txt }, {2. png to txt}, {3. for both (png & pdf to txt)}
2023-06-12 19:22:42 INFO  MyLogger:46 - Please Enter The File Name or 0 to convert all files and also for Exit
2023-06-12 19:22:50 INFO  MyLogger:394 - Screenshot from 2023-05-23 19-17-36.png File Conversion Is Started...
2023-06-12 19:22:50 INFO  MyLogger:412 - Screenshot from 2023-05-23 19-17-36.png To Screenshot from 2023-05-23 19-17-36.txt File Conversion Is Success!!!
2023-06-12 19:22:52 INFO  MyLogger:394 - Screenshot from 2023-05-27 15-12-41.png File Conversion Is Started...
2023-06-12 19:22:52 INFO  MyLogger:412 - Screenshot from 2023-05-27 15-12-41.png To Screenshot from 2023-05-27 15-12-41.txt File Conversion Is Success!!!
2023-06-12 19:22:55 INFO  MyLogger:394 - Screenshot from 2023-05-17 14-47-44.png File Conversion Is Started...
2023-06-12 19:22:55 INFO  MyLogger:412 - Screenshot from 2023-05-17 14-47-44.png To Screenshot from 2023-05-17 14-47-44.txt File Conversion Is Success!!!
2023-06-12 19:22:55 INFO  MyLogger:394 - Screenshot from 2023-05-15 15-13-17.png File Conversion Is Started...
2023-06-12 19:22:55 INFO  MyLogger:412 - Screenshot from 2023-05-15 15-13-17.png To Screenshot from 2023-05-15 15-13-17.txt File Conversion Is Success!!!
2023-06-12 19:23:02 INFO  MyLogger:394 - Screenshot from 2023-06-08 11-44-58 - 1.png File Conversion Is Started...
2023-06-12 19:23:02 INFO  MyLogger:412 - Screenshot from 2023-06-08 11-44-58 - 1.png To Screenshot from 2023-06-08 11-44-58 - 1.txt File Conversion Is Success!!!
2023-06-12 19:23:02 INFO  MyLogger:394 - Screenshot from 2023-05-17 16-09-36.png File Conversion Is Started...
2023-06-12 19:23:02 INFO  MyLogger:412 - Screenshot from 2023-05-17 16-09-36.png To Screenshot from 2023-05-17 16-09-36.txt File Conversion Is Success!!!
2023-06-12 19:23:07 INFO  MyLogger:394 - Screenshot from 2023-05-23 19-18-28.png File Conversion Is Started...
2023-06-12 19:23:07 INFO  MyLogger:412 - Screenshot from 2023-05-23 19-18-28.png To Screenshot from 2023-05-23 19-18-28.txt File Conversion Is Success!!!
2023-06-12 19:23:08 INFO  MyLogger:394 - Screenshot from 2023-05-18 19-25-29.png File Conversion Is Started...
2023-06-12 19:23:08 INFO  MyLogger:412 - Screenshot from 2023-05-18 19-25-29.png To Screenshot from 2023-05-18 19-25-29.txt File Conversion Is Success!!!
2023-06-12 19:23:10 INFO  MyLogger:394 - paragraph1.png File Conversion Is Started...
2023-06-12 19:23:10 INFO  MyLogger:412 - paragraph1.png To paragraph1.txt File Conversion Is Success!!!
2023-06-12 19:23:11 INFO  MyLogger:394 - Screenshot from 2023-06-02 18-22-08.png File Conversion Is Started...
2023-06-12 19:23:11 INFO  MyLogger:412 - Screenshot from 2023-06-02 18-22-08.png To Screenshot from 2023-06-02 18-22-08.txt File Conversion Is Success!!!
2023-06-12 19:23:12 INFO  MyLogger:394 - Screenshot from 2023-05-15 14-59-27.png File Conversion Is Started...
2023-06-12 19:23:12 INFO  MyLogger:412 - Screenshot from 2023-05-15 14-59-27.png To Screenshot from 2023-05-15 14-59-27.txt File Conversion Is Success!!!
2023-06-12 19:23:12 INFO  MyLogger:394 - Screenshot from 2023-05-23 11-09-52.png File Conversion Is Started...
2023-06-12 19:23:12 INFO  MyLogger:412 - Screenshot from 2023-05-23 11-09-52.png To Screenshot from 2023-05-23 11-09-52.txt File Conversion Is Success!!!
2023-06-12 19:23:14 INFO  MyLogger:394 - Screenshot from 2023-05-17 14-47-55.png File Conversion Is Started...
2023-06-12 19:23:14 INFO  MyLogger:412 - Screenshot from 2023-05-17 14-47-55.png To Screenshot from 2023-05-17 14-47-55.txt File Conversion Is Success!!!
2023-06-12 19:23:15 INFO  MyLogger:394 - Screenshot from 2023-05-29 13-28-48.png File Conversion Is Started...
2023-06-12 19:23:15 INFO  MyLogger:412 - Screenshot from 2023-05-29 13-28-48.png To Screenshot from 2023-05-29 13-28-48.txt File Conversion Is Success!!!
2023-06-12 19:23:19 INFO  MyLogger:394 - Screenshot from 2023-05-22 19-53-02.png File Conversion Is Started...
2023-06-12 19:23:19 INFO  MyLogger:412 - Screenshot from 2023-05-22 19-53-02.png To Screenshot from 2023-05-22 19-53-02.txt File Conversion Is Success!!!
2023-06-12 19:23:23 INFO  MyLogger:394 - Screenshot from 2023-05-23 19-18-31.png File Conversion Is Started...
2023-06-12 19:23:23 INFO  MyLogger:412 - Screenshot from 2023-05-23 19-18-31.png To Screenshot from 2023-05-23 19-18-31.txt File Conversion Is Success!!!
2023-06-12 19:23:25 INFO  MyLogger:394 - Screenshot from 2023-05-17 14-47-57.png File Conversion Is Started...
2023-06-12 19:23:25 INFO  MyLogger:412 - Screenshot from 2023-05-17 14-47-57.png To Screenshot from 2023-05-17 14-47-57.txt File Conversion Is Success!!!
2023-06-12 19:23:30 INFO  MyLogger:394 - Screenshot from 2023-05-23 19-18-08.png File Conversion Is Started...
2023-06-12 19:23:30 INFO  MyLogger:412 - Screenshot from 2023-05-23 19-18-08.png To Screenshot from 2023-05-23 19-18-08.txt File Conversion Is Success!!!
2023-06-12 19:23:36 INFO  MyLogger:394 - Screenshot from 2023-05-22 20-00-40.png File Conversion Is Started...
2023-06-12 19:23:36 INFO  MyLogger:412 - Screenshot from 2023-05-22 20-00-40.png To Screenshot from 2023-05-22 20-00-40.txt File Conversion Is Success!!!
2023-06-12 19:23:36 INFO  MyLogger:394 - lol.png File Conversion Is Started...
2023-06-12 19:23:36 INFO  MyLogger:412 - lol.png To lol.txt File Conversion Is Success!!!
2023-06-12 19:23:37 INFO  MyLogger:394 - Screenshot from 2023-05-18 12-29-45.png File Conversion Is Started...
2023-06-12 19:23:37 INFO  MyLogger:412 - Screenshot from 2023-05-18 12-29-45.png To Screenshot from 2023-05-18 12-29-45.txt File Conversion Is Success!!!
2023-06-12 19:23:41 INFO  MyLogger:394 - Screenshot from 2023-05-22 20-01-17.png File Conversion Is Started...
2023-06-12 19:23:41 INFO  MyLogger:412 - Screenshot from 2023-05-22 20-01-17.png To Screenshot from 2023-05-22 20-01-17.txt File Conversion Is Success!!!
2023-06-12 19:23:42 INFO  MyLogger:394 - Screenshot from 2023-05-17 10-39-52.png File Conversion Is Started...
2023-06-12 19:23:42 INFO  MyLogger:412 - Screenshot from 2023-05-17 10-39-52.png To Screenshot from 2023-05-17 10-39-52.txt File Conversion Is Success!!!
2023-06-12 19:23:44 INFO  MyLogger:394 - Screenshot from 2023-06-05 12-07-56.png File Conversion Is Started...
2023-06-12 19:23:44 INFO  MyLogger:412 - Screenshot from 2023-06-05 12-07-56.png To Screenshot from 2023-06-05 12-07-56.txt File Conversion Is Success!!!
2023-06-12 19:23:44 INFO  MyLogger:394 - Screenshot from 2023-05-18 12-24-24.png File Conversion Is Started...
2023-06-12 19:23:44 INFO  MyLogger:412 - Screenshot from 2023-05-18 12-24-24.png To Screenshot from 2023-05-18 12-24-24.txt File Conversion Is Success!!!
2023-06-12 19:23:50 INFO  MyLogger:394 - Screenshot from 2023-05-23 19-18-17.png File Conversion Is Started...
2023-06-12 19:23:50 INFO  MyLogger:412 - Screenshot from 2023-05-23 19-18-17.png To Screenshot from 2023-05-23 19-18-17.txt File Conversion Is Success!!!
2023-06-12 19:23:52 INFO  MyLogger:394 - Simple.png File Conversion Is Started...
2023-06-12 19:23:52 INFO  MyLogger:412 - Simple.png To Simple.txt File Conversion Is Success!!!
2023-06-12 19:23:58 INFO  MyLogger:394 - Screenshot from 2023-05-22 20-00-38.png File Conversion Is Started...
2023-06-12 19:23:58 INFO  MyLogger:412 - Screenshot from 2023-05-22 20-00-38.png To Screenshot from 2023-05-22 20-00-38.txt File Conversion Is Success!!!
2023-06-12 19:24:01 INFO  MyLogger:394 - paragraph2.png File Conversion Is Started...
2023-06-12 19:24:01 INFO  MyLogger:412 - paragraph2.png To paragraph2.txt File Conversion Is Success!!!
2023-06-12 19:24:07 INFO  MyLogger:394 - Screenshot from 2023-06-08 11-44-58.png File Conversion Is Started...
2023-06-12 19:24:07 INFO  MyLogger:412 - Screenshot from 2023-06-08 11-44-58.png To Screenshot from 2023-06-08 11-44-58.txt File Conversion Is Success!!!
2023-06-12 19:24:09 INFO  MyLogger:394 - Screenshot from 2023-06-12 18-40-28.png File Conversion Is Started...
2023-06-12 19:24:09 INFO  MyLogger:412 - Screenshot from 2023-06-12 18-40-28.png To Screenshot from 2023-06-12 18-40-28.txt File Conversion Is Success!!!
2023-06-12 19:24:11 INFO  MyLogger:394 - Screenshot from 2023-05-18 18-52-49.png File Conversion Is Started...
2023-06-12 19:24:11 INFO  MyLogger:412 - Screenshot from 2023-05-18 18-52-49.png To Screenshot from 2023-05-18 18-52-49.txt File Conversion Is Success!!!
2023-06-12 19:24:15 INFO  MyLogger:394 - Screenshot from 2023-05-22 19-53-19.png File Conversion Is Started...
2023-06-12 19:24:15 INFO  MyLogger:412 - Screenshot from 2023-05-22 19-53-19.png To Screenshot from 2023-05-22 19-53-19.txt File Conversion Is Success!!!
2023-06-12 19:24:16 INFO  MyLogger:394 - Screenshot from 2023-05-18 12-28-30.png File Conversion Is Started...
2023-06-12 19:24:16 INFO  MyLogger:412 - Screenshot from 2023-05-18 12-28-30.png To Screenshot from 2023-05-18 12-28-30.txt File Conversion Is Success!!!
2023-06-12 19:24:17 INFO  MyLogger:394 - Screenshot from 2023-05-17 10-53-02.png File Conversion Is Started...
2023-06-12 19:24:17 INFO  MyLogger:412 - Screenshot from 2023-05-17 10-53-02.png To Screenshot from 2023-05-17 10-53-02.txt File Conversion Is Success!!!
2023-06-12 19:24:18 INFO  MyLogger:394 - Sampleeeeee.png File Conversion Is Started...
2023-06-12 19:24:18 INFO  MyLogger:412 - Sampleeeeee.png To Sampleeeeee.txt File Conversion Is Success!!!
2023-06-12 19:24:19 INFO  MyLogger:394 - Screenshot from 2023-05-17 16-16-19.png File Conversion Is Started...
2023-06-12 19:24:19 INFO  MyLogger:412 - Screenshot from 2023-05-17 16-16-19.png To Screenshot from 2023-05-17 16-16-19.txt File Conversion Is Success!!!
2023-06-12 19:24:21 INFO  MyLogger:394 - Screenshot from 2023-05-19 17-12-04.png File Conversion Is Started...
2023-06-12 19:24:21 INFO  MyLogger:412 - Screenshot from 2023-05-19 17-12-04.png To Screenshot from 2023-05-19 17-12-04.txt File Conversion Is Success!!!
2023-06-12 19:24:24 INFO  MyLogger:394 - Screenshot from 2023-06-01 18-29-25.png File Conversion Is Started...
2023-06-12 19:24:24 INFO  MyLogger:412 - Screenshot from 2023-06-01 18-29-25.png To Screenshot from 2023-06-01 18-29-25.txt File Conversion Is Success!!!
2023-06-12 19:24:25 INFO  MyLogger:394 - Screenshot from 2023-05-18 12-23-53.png File Conversion Is Started...
2023-06-12 19:24:25 INFO  MyLogger:412 - Screenshot from 2023-05-18 12-23-53.png To Screenshot from 2023-05-18 12-23-53.txt File Conversion Is Success!!!
2023-06-12 19:24:26 INFO  MyLogger:394 - Screenshot from 2023-05-27 12-22-37.png File Conversion Is Started...
2023-06-12 19:24:26 INFO  MyLogger:412 - Screenshot from 2023-05-27 12-22-37.png To Screenshot from 2023-05-27 12-22-37.txt File Conversion Is Success!!!
2023-06-12 19:24:30 INFO  MyLogger:394 - Screenshot from 2023-05-22 19-53-00.png File Conversion Is Started...
2023-06-12 19:24:30 INFO  MyLogger:412 - Screenshot from 2023-05-22 19-53-00.png To Screenshot from 2023-05-22 19-53-00.txt File Conversion Is Success!!!
2023-06-12 19:24:32 INFO  MyLogger:394 - Screenshot from 2023-05-29 18-26-53.png File Conversion Is Started...
2023-06-12 19:24:32 INFO  MyLogger:412 - Screenshot from 2023-05-29 18-26-53.png To Screenshot from 2023-05-29 18-26-53.txt File Conversion Is Success!!!
2023-06-12 19:24:34 INFO  MyLogger:394 - Screenshot from 2023-05-23 19-19-20.png File Conversion Is Started...
2023-06-12 19:24:34 INFO  MyLogger:412 - Screenshot from 2023-05-23 19-19-20.png To Screenshot from 2023-05-23 19-19-20.txt File Conversion Is Success!!!
2023-06-12 19:24:39 INFO  MyLogger:394 - Screenshot from 2023-05-22 19-53-14.png File Conversion Is Started...
2023-06-12 19:24:39 INFO  MyLogger:412 - Screenshot from 2023-05-22 19-53-14.png To Screenshot from 2023-05-22 19-53-14.txt File Conversion Is Success!!!
2023-06-12 19:24:40 INFO  MyLogger:394 - Screenshot from 2023-05-18 13-17-45.png File Conversion Is Started...
2023-06-12 19:24:40 INFO  MyLogger:412 - Screenshot from 2023-05-18 13-17-45.png To Screenshot from 2023-05-18 13-17-45.txt File Conversion Is Success!!!
2023-06-12 19:24:41 INFO  MyLogger:394 - Screenshot from 2023-05-18 12-23-36.png File Conversion Is Started...
2023-06-12 19:24:41 INFO  MyLogger:412 - Screenshot from 2023-05-18 12-23-36.png To Screenshot from 2023-05-18 12-23-36.txt File Conversion Is Success!!!
2023-06-12 19:24:42 INFO  MyLogger:394 - Screenshot from 2023-06-05 12-08-07.png File Conversion Is Started...
2023-06-12 19:24:42 INFO  MyLogger:412 - Screenshot from 2023-06-05 12-08-07.png To Screenshot from 2023-06-05 12-08-07.txt File Conversion Is Success!!!
2023-06-12 19:24:42 INFO  MyLogger:394 - Screenshot from 2023-06-01 18-29-28.png File Conversion Is Started...
2023-06-12 19:24:42 INFO  MyLogger:412 - Screenshot from 2023-06-01 18-29-28.png To Screenshot from 2023-06-01 18-29-28.txt File Conversion Is Success!!!
2023-06-12 19:24:42 INFO  MyLogger:394 - Screenshot from 2023-05-22 12-30-04.png File Conversion Is Started...
2023-06-12 19:24:42 INFO  MyLogger:412 - Screenshot from 2023-05-22 12-30-04.png To Screenshot from 2023-05-22 12-30-04.txt File Conversion Is Success!!!
2023-06-12 19:24:43 INFO  MyLogger:394 - Screenshot from 2023-05-27 12-22-51.png File Conversion Is Started...
2023-06-12 19:24:43 INFO  MyLogger:412 - Screenshot from 2023-05-27 12-22-51.png To Screenshot from 2023-05-27 12-22-51.txt File Conversion Is Success!!!
2023-06-12 19:24:54 INFO  MyLogger:331 - cautomatic.3.pdf File Conversion Is Started...
2023-06-12 19:24:54 INFO  MyLogger:349 - cautomatic.3.pdf To cautomatic.3.txt File Conversion Is Success!!!
2023-06-12 19:24:56 INFO  MyLogger:394 - bparagraph1.2.png File Conversion Is Started...
2023-06-12 19:24:56 INFO  MyLogger:412 - bparagraph1.2.png To bparagraph1.2.txt File Conversion Is Success!!!
2023-06-12 19:25:06 INFO  MyLogger:331 - cautomatic.pdf File Conversion Is Started...
2023-06-12 19:25:06 INFO  MyLogger:349 - cautomatic.pdf To cautomatic.txt File Conversion Is Success!!!
2023-06-12 19:25:07 INFO  MyLogger:394 - images.png File Conversion Is Started...
2023-06-12 19:25:07 INFO  MyLogger:412 - images.png To images.txt File Conversion Is Success!!!
2023-06-12 19:25:09 INFO  MyLogger:394 - Screenshot from 2023-06-01 18-29-49.png File Conversion Is Started...
2023-06-12 19:25:09 INFO  MyLogger:412 - Screenshot from 2023-06-01 18-29-49.png To Screenshot from 2023-06-01 18-29-49.txt File Conversion Is Success!!!
2023-06-12 19:25:11 INFO  MyLogger:394 - Screenshot from 2023-05-15 14-59-25.png File Conversion Is Started...
2023-06-12 19:25:11 INFO  MyLogger:412 - Screenshot from 2023-05-15 14-59-25.png To Screenshot from 2023-05-15 14-59-25.txt File Conversion Is Success!!!
2023-06-12 19:25:15 INFO  MyLogger:394 - paragraph2.2.png File Conversion Is Started...
2023-06-12 19:25:15 INFO  MyLogger:412 - paragraph2.2.png To paragraph2.2.txt File Conversion Is Success!!!
2023-06-12 19:25:25 INFO  MyLogger:331 - cautomatic.2.pdf File Conversion Is Started...
2023-06-12 19:25:25 INFO  MyLogger:349 - cautomatic.2.pdf To cautomatic.2.txt File Conversion Is Success!!!
2023-06-12 19:25:27 INFO  MyLogger:394 - Screenshot from 2023-05-15 14-58-51.png File Conversion Is Started...
2023-06-12 19:25:27 INFO  MyLogger:412 - Screenshot from 2023-05-15 14-58-51.png To Screenshot from 2023-05-15 14-58-51.txt File Conversion Is Success!!!
2023-06-12 19:25:29 INFO  MyLogger:394 - Screenshot from 2023-05-10 18-21-30.png File Conversion Is Started...
2023-06-12 19:25:29 INFO  MyLogger:412 - Screenshot from 2023-05-10 18-21-30.png To Screenshot from 2023-05-10 18-21-30.txt File Conversion Is Success!!!
2023-06-12 19:25:31 INFO  MyLogger:394 - bparagraph1.png File Conversion Is Started...
2023-06-12 19:25:31 INFO  MyLogger:412 - bparagraph1.png To bparagraph1.txt File Conversion Is Success!!!
2023-06-12 19:25:38 INFO  MyLogger:331 - Just_Sample.pdf File Conversion Is Started...
2023-06-12 19:25:38 INFO  MyLogger:349 - Just_Sample.pdf To Just_Sample.txt File Conversion Is Success!!!
2023-06-12 19:25:48 INFO  MyLogger:331 - cautomatic.4.pdf File Conversion Is Started...
2023-06-12 19:25:48 INFO  MyLogger:349 - cautomatic.4.pdf To cautomatic.4.txt File Conversion Is Success!!!
2023-06-12 19:25:48 INFO  MyLogger:394 - Screenshot from 2023-05-16 17-34-19.png File Conversion Is Started...
2023-06-12 19:25:48 INFO  MyLogger:412 - Screenshot from 2023-05-16 17-34-19.png To Screenshot from 2023-05-16 17-34-19.txt File Conversion Is Success!!!
2023-06-12 19:25:49 INFO  MyLogger:394 - Screenshot from 2023-05-15 14-59-04.png File Conversion Is Started...
2023-06-12 19:25:49 INFO  MyLogger:412 - Screenshot from 2023-05-15 14-59-04.png To Screenshot from 2023-05-15 14-59-04.txt File Conversion Is Success!!!
2023-06-12 19:25:59 INFO  MyLogger:331 - cautomatic.5.pdf File Conversion Is Started...
2023-06-12 19:25:59 INFO  MyLogger:349 - cautomatic.5.pdf To cautomatic.5.txt File Conversion Is Success!!!
2023-06-12 19:26:00 INFO  MyLogger:394 - Screenshot from 2023-05-18 12-25-17.png File Conversion Is Started...
2023-06-12 19:26:00 INFO  MyLogger:412 - Screenshot from 2023-05-18 12-25-17.png To Screenshot from 2023-05-18 12-25-17.txt File Conversion Is Success!!!
2023-06-12 19:26:10 INFO  MyLogger:331 - cautomatic.6.pdf File Conversion Is Started...
2023-06-12 19:26:10 INFO  MyLogger:349 - cautomatic.6.pdf To cautomatic.6.txt File Conversion Is Success!!!
2023-06-12 19:26:11 INFO  MyLogger:394 - Screenshot from 2023-05-16 17-33-44.png File Conversion Is Started...
2023-06-12 19:26:11 INFO  MyLogger:412 - Screenshot from 2023-05-16 17-33-44.png To Screenshot from 2023-05-16 17-33-44.txt File Conversion Is Success!!!
2023-06-12 19:26:21 INFO  MyLogger:331 - cautomatic.7.pdf File Conversion Is Started...
2023-06-12 19:26:21 INFO  MyLogger:349 - cautomatic.7.pdf To cautomatic.7.txt File Conversion Is Success!!!
2023-06-12 19:26:38 INFO  MyLogger:331 - Degree_3_Year.pdf File Conversion Is Started...
2023-06-12 19:26:38 INFO  MyLogger:349 - Degree_3_Year.pdf To Degree_3_Year.txt File Conversion Is Success!!!
2023-06-12 19:26:38 INFO  MyLogger:394 - logo.png File Conversion Is Started...
2023-06-12 19:26:38 INFO  MyLogger:412 - logo.png To logo.txt File Conversion Is Success!!!
2023-06-12 19:26:39 INFO  MyLogger:394 - github_logo.png File Conversion Is Started...
2023-06-12 19:26:39 INFO  MyLogger:412 - github_logo.png To github_logo.txt File Conversion Is Success!!!
2023-06-12 19:26:39 INFO  MyLogger:394 - hooray.png File Conversion Is Started...
2023-06-12 19:26:39 INFO  MyLogger:412 - hooray.png To hooray.txt File Conversion Is Success!!!
2023-06-12 19:26:39 INFO  MyLogger:394 - heart.png File Conversion Is Started...
2023-06-12 19:26:39 INFO  MyLogger:412 - heart.png To heart.txt File Conversion Is Success!!!
2023-06-12 19:26:39 INFO  MyLogger:394 - rocket.png File Conversion Is Started...
2023-06-12 19:26:39 INFO  MyLogger:412 - rocket.png To rocket.txt File Conversion Is Success!!!
2023-06-12 19:26:39 INFO  MyLogger:394 - thumbs_up.png File Conversion Is Started...
2023-06-12 19:26:39 INFO  MyLogger:412 - thumbs_up.png To thumbs_up.txt File Conversion Is Success!!!
2023-06-12 19:26:39 INFO  MyLogger:394 - confused.png File Conversion Is Started...
2023-06-12 19:26:39 INFO  MyLogger:412 - confused.png To confused.txt File Conversion Is Success!!!
2023-06-12 19:26:39 INFO  MyLogger:394 - eyes.png File Conversion Is Started...
2023-06-12 19:26:39 INFO  MyLogger:412 - eyes.png To eyes.txt File Conversion Is Success!!!
2023-06-12 19:26:39 INFO  MyLogger:394 - thumbs_down.png File Conversion Is Started...
2023-06-12 19:26:39 INFO  MyLogger:412 - thumbs_down.png To thumbs_down.txt File Conversion Is Success!!!
2023-06-12 19:26:39 INFO  MyLogger:394 - laugh.png File Conversion Is Started...
2023-06-12 19:26:39 INFO  MyLogger:412 - laugh.png To laugh.txt File Conversion Is Success!!!
2023-06-12 19:26:40 INFO  MyLogger:394 - snowman.png File Conversion Is Started...
2023-06-12 19:26:40 INFO  MyLogger:412 - snowman.png To snowman.txt File Conversion Is Success!!!
2023-06-12 19:26:40 INFO  MyLogger:394 - gitlens-icon.png File Conversion Is Started...
2023-06-12 19:26:40 INFO  MyLogger:412 - gitlens-icon.png To gitlens-icon.txt File Conversion Is Success!!!
2023-06-12 19:26:40 INFO  MyLogger:394 - status-bar.png File Conversion Is Started...
2023-06-12 19:26:40 INFO  MyLogger:412 - status-bar.png To status-bar.txt File Conversion Is Success!!!
2023-06-12 19:26:41 INFO  MyLogger:394 - menu-commit-details.png File Conversion Is Started...
2023-06-12 19:26:41 INFO  MyLogger:412 - menu-commit-details.png To menu-commit-details.txt File Conversion Is Success!!!
2023-06-12 19:26:42 INFO  MyLogger:394 - menu-branch-history.png File Conversion Is Started...
2023-06-12 19:26:42 INFO  MyLogger:412 - menu-branch-history.png To menu-branch-history.txt File Conversion Is Success!!!
2023-06-12 19:26:43 INFO  MyLogger:394 - remotes-view.png File Conversion Is Started...
2023-06-12 19:26:43 INFO  MyLogger:412 - remotes-view.png To remotes-view.txt File Conversion Is Success!!!
2023-06-12 19:26:44 INFO  MyLogger:394 - commits-view.png File Conversion Is Started...
2023-06-12 19:26:44 INFO  MyLogger:412 - commits-view.png To commits-view.txt File Conversion Is Success!!!
2023-06-12 19:26:44 INFO  MyLogger:394 - gitlens-logo.png File Conversion Is Started...
2023-06-12 19:26:44 INFO  MyLogger:412 - gitlens-logo.png To gitlens-logo.txt File Conversion Is Success!!!
2023-06-12 19:26:45 INFO  MyLogger:394 - menu-file-history.png File Conversion Is Started...
2023-06-12 19:26:45 INFO  MyLogger:412 - menu-file-history.png To menu-file-history.txt File Conversion Is Success!!!
2023-06-12 19:26:46 INFO  MyLogger:394 - menu-stash-details.png File Conversion Is Started...
2023-06-12 19:26:46 INFO  MyLogger:412 - menu-stash-details.png To menu-stash-details.txt File Conversion Is Success!!!
2023-06-12 19:26:46 INFO  MyLogger:394 - hovers-current-line.png File Conversion Is Started...
2023-06-12 19:26:46 INFO  MyLogger:412 - hovers-current-line.png To hovers-current-line.txt File Conversion Is Success!!!
2023-06-12 19:26:47 INFO  MyLogger:394 - contributors-view.png File Conversion Is Started...
2023-06-12 19:26:47 INFO  MyLogger:412 - contributors-view.png To contributors-view.txt File Conversion Is Success!!!
2023-06-12 19:26:48 INFO  MyLogger:394 - menu-commit-file-details.png File Conversion Is Started...
2023-06-12 19:26:48 INFO  MyLogger:412 - menu-commit-file-details.png To menu-commit-file-details.txt File Conversion Is Success!!!
2023-06-12 19:26:49 INFO  MyLogger:394 - search-and-compare-view.png File Conversion Is Started...
2023-06-12 19:26:49 INFO  MyLogger:412 - search-and-compare-view.png To search-and-compare-view.txt File Conversion Is Success!!!
2023-06-12 19:26:49 INFO  MyLogger:394 - commit-graph-illustrated.png File Conversion Is Started...
2023-06-12 19:26:49 INFO  MyLogger:412 - commit-graph-illustrated.png To commit-graph-illustrated.txt File Conversion Is Success!!!
2023-06-12 19:26:50 INFO  MyLogger:394 - current-line-blame.png File Conversion Is Started...
2023-06-12 19:26:50 INFO  MyLogger:412 - current-line-blame.png To current-line-blame.txt File Conversion Is Success!!!
2023-06-12 19:26:50 INFO  MyLogger:394 - hovers-current-line-details.png File Conversion Is Started...
2023-06-12 19:26:50 INFO  MyLogger:412 - hovers-current-line-details.png To hovers-current-line-details.txt File Conversion Is Success!!!
2023-06-12 19:26:51 INFO  MyLogger:394 - menu-repo-status.png File Conversion Is Started...
2023-06-12 19:26:51 INFO  MyLogger:412 - menu-repo-status.png To menu-repo-status.txt File Conversion Is Success!!!
2023-06-12 19:26:52 INFO  MyLogger:394 - quick-setup.png File Conversion Is Started...
2023-06-12 19:26:52 INFO  MyLogger:412 - quick-setup.png To quick-setup.txt File Conversion Is Success!!!
2023-06-12 19:26:52 INFO  MyLogger:394 - gitlens-logo-anybg.png File Conversion Is Started...
2023-06-12 19:26:52 INFO  MyLogger:412 - gitlens-logo-anybg.png To gitlens-logo-anybg.txt File Conversion Is Success!!!
2023-06-12 19:26:52 INFO  MyLogger:394 - file-history-view-merge-conflict.png File Conversion Is Started...
2023-06-12 19:26:52 INFO  MyLogger:412 - file-history-view-merge-conflict.png To file-history-view-merge-conflict.txt File Conversion Is Success!!!
2023-06-12 19:26:54 INFO  MyLogger:394 - menus.png File Conversion Is Started...
2023-06-12 19:26:54 INFO  MyLogger:412 - menus.png To menus.txt File Conversion Is Success!!!
2023-06-12 19:26:54 INFO  MyLogger:394 - views-layout-gitlens.png File Conversion Is Started...
2023-06-12 19:26:54 INFO  MyLogger:412 - views-layout-gitlens.png To views-layout-gitlens.txt File Conversion Is Success!!!
2023-06-12 19:26:55 INFO  MyLogger:394 - hovers-annotations.png File Conversion Is Started...
2023-06-12 19:26:55 INFO  MyLogger:412 - hovers-annotations.png To hovers-annotations.txt File Conversion Is Success!!!
2023-06-12 19:26:56 INFO  MyLogger:394 - commit-details-view.png File Conversion Is Started...
2023-06-12 19:26:56 INFO  MyLogger:412 - commit-details-view.png To commit-details-view.txt File Conversion Is Success!!!
2023-06-12 19:26:57 INFO  MyLogger:394 - gutter-changes.png File Conversion Is Started...
2023-06-12 19:26:57 INFO  MyLogger:412 - gutter-changes.png To gutter-changes.txt File Conversion Is Success!!!
2023-06-12 19:26:58 INFO  MyLogger:394 - branches-view.png File Conversion Is Started...
2023-06-12 19:26:58 INFO  MyLogger:412 - branches-view.png To branches-view.txt File Conversion Is Success!!!
2023-06-12 19:26:59 INFO  MyLogger:394 - views-layout-scm.png File Conversion Is Started...
2023-06-12 19:26:59 INFO  MyLogger:412 - views-layout-scm.png To views-layout-scm.txt File Conversion Is Success!!!
2023-06-12 19:26:59 INFO  MyLogger:394 - commits-view-rebase.png File Conversion Is Started...
2023-06-12 19:26:59 INFO  MyLogger:412 - commits-view-rebase.png To commits-view-rebase.txt File Conversion Is Success!!!
2023-06-12 19:27:00 INFO  MyLogger:394 - gutter-blame.png File Conversion Is Started...
2023-06-12 19:27:00 INFO  MyLogger:412 - gutter-blame.png To gutter-blame.txt File Conversion Is Success!!!
2023-06-12 19:27:00 INFO  MyLogger:394 - hovers-annotations-details.png File Conversion Is Started...
2023-06-12 19:27:00 INFO  MyLogger:412 - hovers-annotations-details.png To hovers-annotations-details.txt File Conversion Is Success!!!
2023-06-12 19:27:03 INFO  MyLogger:394 - line-history-view.png File Conversion Is Started...
2023-06-12 19:27:03 INFO  MyLogger:412 - line-history-view.png To line-history-view.txt File Conversion Is Success!!!
2023-06-12 19:27:05 INFO  MyLogger:394 - git-command-palette.png File Conversion Is Started...
2023-06-12 19:27:05 INFO  MyLogger:412 - git-command-palette.png To git-command-palette.txt File Conversion Is Success!!!
2023-06-12 19:27:05 INFO  MyLogger:394 - menu-commit-search.png File Conversion Is Started...
2023-06-12 19:27:05 INFO  MyLogger:412 - menu-commit-search.png To menu-commit-search.txt File Conversion Is Success!!!
2023-06-12 19:27:06 INFO  MyLogger:394 - code-lens.png File Conversion Is Started...
2023-06-12 19:27:06 INFO  MyLogger:412 - code-lens.png To code-lens.txt File Conversion Is Success!!!
2023-06-12 19:27:07 INFO  MyLogger:394 - worktrees-illustrated.png File Conversion Is Started...
2023-06-12 19:27:07 INFO  MyLogger:412 - worktrees-illustrated.png To worktrees-illustrated.txt File Conversion Is Success!!!
2023-06-12 19:27:43 INFO  MyLogger:52 - Option {1. PDF to txt }, {2. png to txt}, {3. for both (png & pdf to txt)}
2023-06-12 19:27:49 INFO  MyLogger:46 - Please Enter The File Name or 0 to convert all files and also for Exit
2023-06-12 19:29:05 INFO  MyLogger:394 - Screenshot from 2023-05-23 19-17-36.png File Conversion Is Started...
2023-06-12 19:29:48 INFO  MyLogger:412 - Screenshot from 2023-05-23 19-17-36.png To Screenshot from 2023-05-23 19-17-36.txt File Conversion Is Success!!!
2023-06-12 19:30:37 INFO  MyLogger:52 - Option {1. PDF to txt }, {2. png to txt}, {3. for both (png & pdf to txt)}
2023-06-12 19:30:40 INFO  MyLogger:52 - Option {1. PDF to txt }, {2. png to txt}, {3. for both (png & pdf to txt)}
2023-06-12 19:30:45 INFO  MyLogger:46 - Please Enter The File Name or 0 to convert all files and also for Exit
2023-06-12 19:30:57 INFO  MyLogger:394 - Screenshot from 2023-05-23 19-17-36.png File Conversion Is Started...
2023-06-12 19:30:57 INFO  MyLogger:412 - Screenshot from 2023-05-23 19-17-36.png To Screenshot from 2023-05-23 19-17-36.txt File Conversion Is Success!!!
2023-06-12 19:31:00 INFO  MyLogger:394 - Screenshot from 2023-05-27 15-12-41.png File Conversion Is Started...
2023-06-12 19:31:00 INFO  MyLogger:412 - Screenshot from 2023-05-27 15-12-41.png To Screenshot from 2023-05-27 15-12-41.txt File Conversion Is Success!!!
2023-06-12 19:32:02 INFO  MyLogger:52 - Option {1. PDF to txt }, {2. png to txt}, {3. for both (png & pdf to txt)}
2023-06-12 19:32:05 INFO  MyLogger:46 - Please Enter The File Name or 0 to convert all files and also for Exit
2023-06-12 19:32:17 INFO  MyLogger:394 - Screenshot from 2023-05-23 19-17-36.png File Conversion Is Started...
2023-06-12 19:32:17 INFO  MyLogger:412 - Screenshot from 2023-05-23 19-17-36.png To Screenshot from 2023-05-23 19-17-36.txt File Conversion Is Success!!!
2023-06-12 19:32:20 INFO  MyLogger:394 - Screenshot from 2023-05-27 15-12-41.png File Conversion Is Started...
2023-06-12 19:32:20 INFO  MyLogger:412 - Screenshot from 2023-05-27 15-12-41.png To Screenshot from 2023-05-27 15-12-41.txt File Conversion Is Success!!!
2023-06-12 19:32:35 INFO  MyLogger:52 - Option {1. PDF to txt }, {2. png to txt}, {3. for both (png & pdf to txt)}
2023-06-12 19:32:37 INFO  MyLogger:46 - Please Enter The File Name or 0 to convert all files and also for Exit
2023-06-12 19:32:51 INFO  MyLogger:394 - Screenshot from 2023-05-23 19-17-36.png File Conversion Is Started...
2023-06-12 19:32:51 INFO  MyLogger:412 - Screenshot from 2023-05-23 19-17-36.png To Screenshot from 2023-05-23 19-17-36.txt File Conversion Is Success!!!
2023-06-12 19:32:55 INFO  MyLogger:52 - Option {1. PDF to txt }, {2. png to txt}, {3. for both (png & pdf to txt)}
2023-06-12 19:32:57 INFO  MyLogger:52 - Option {1. PDF to txt }, {2. png to txt}, {3. for both (png & pdf to txt)}
2023-06-12 19:33:00 INFO  MyLogger:46 - Please Enter The File Name or 0 to convert all files and also for Exit
2023-06-12 19:33:12 INFO  MyLogger:394 - Screenshot from 2023-05-23 19-17-36.png File Conversion Is Started...
2023-06-12 19:33:12 INFO  MyLogger:412 - Screenshot from 2023-05-23 19-17-36.png To Screenshot from 2023-05-23 19-17-36.txt File Conversion Is Success!!!
2023-06-12 19:34:04 INFO  MyLogger:394 - Screenshot from 2023-05-27 15-12-41.png File Conversion Is Started...
2023-06-12 19:35:13 INFO  MyLogger:52 - Option {1. PDF to txt }, {2. png to txt}, {3. for both (png & pdf to txt)}
2023-06-12 19:35:16 INFO  MyLogger:46 - Please Enter The File Name or 0 to convert all files and also for Exit
2023-06-12 19:35:55 INFO  MyLogger:52 - Option {1. PDF to txt }, {2. png to txt}, {3. for both (png & pdf to txt)}
2023-06-12 19:36:06 INFO  MyLogger:46 - Please Enter The File Name or 0 to convert all files and also for Exit
2023-06-12 19:36:13 INFO  MyLogger:394 - Screenshot from 2023-05-23 19-17-36.png File Conversion Is Started...
2023-06-12 19:36:13 INFO  MyLogger:416 - Screenshot from 2023-05-23 19-17-36.png To Screenshot from 2023-05-23 19-17-36.txt File Conversion Is Success!!!
2023-06-12 19:36:15 INFO  MyLogger:394 - Screenshot from 2023-05-27 15-12-41.png File Conversion Is Started...
2023-06-12 19:36:15 INFO  MyLogger:416 - Screenshot from 2023-05-27 15-12-41.png To Screenshot from 2023-05-27 15-12-41.txt File Conversion Is Success!!!
2023-06-12 19:36:17 INFO  MyLogger:394 - Screenshot from 2023-05-17 14-47-44.png File Conversion Is Started...
2023-06-12 19:36:17 INFO  MyLogger:416 - Screenshot from 2023-05-17 14-47-44.png To Screenshot from 2023-05-17 14-47-44.txt File Conversion Is Success!!!
2023-06-12 19:36:17 INFO  MyLogger:394 - Screenshot from 2023-05-15 15-13-17.png File Conversion Is Started...
2023-06-12 19:36:17 INFO  MyLogger:416 - Screenshot from 2023-05-15 15-13-17.png To Screenshot from 2023-05-15 15-13-17.txt File Conversion Is Success!!!
2023-06-12 19:36:22 INFO  MyLogger:394 - Screenshot from 2023-06-08 11-44-58 - 1.png File Conversion Is Started...
2023-06-12 19:36:22 INFO  MyLogger:416 - Screenshot from 2023-06-08 11-44-58 - 1.png To Screenshot from 2023-06-08 11-44-58 - 1.txt File Conversion Is Success!!!
2023-06-12 19:36:23 INFO  MyLogger:394 - Screenshot from 2023-05-17 16-09-36.png File Conversion Is Started...
2023-06-12 19:36:23 INFO  MyLogger:416 - Screenshot from 2023-05-17 16-09-36.png To Screenshot from 2023-05-17 16-09-36.txt File Conversion Is Success!!!
2023-06-12 19:36:27 INFO  MyLogger:394 - Screenshot from 2023-05-23 19-18-28.png File Conversion Is Started...
2023-06-12 19:36:27 INFO  MyLogger:416 - Screenshot from 2023-05-23 19-18-28.png To Screenshot from 2023-05-23 19-18-28.txt File Conversion Is Success!!!
2023-06-12 19:36:29 INFO  MyLogger:394 - Screenshot from 2023-05-18 19-25-29.png File Conversion Is Started...
2023-06-12 19:36:29 INFO  MyLogger:416 - Screenshot from 2023-05-18 19-25-29.png To Screenshot from 2023-05-18 19-25-29.txt File Conversion Is Success!!!
2023-06-12 19:36:31 INFO  MyLogger:394 - paragraph1.png File Conversion Is Started...
2023-06-12 19:36:31 INFO  MyLogger:416 - paragraph1.png To paragraph1.txt File Conversion Is Success!!!
2023-06-12 19:36:31 INFO  MyLogger:394 - Screenshot from 2023-06-02 18-22-08.png File Conversion Is Started...
2023-06-12 19:36:31 INFO  MyLogger:416 - Screenshot from 2023-06-02 18-22-08.png To Screenshot from 2023-06-02 18-22-08.txt File Conversion Is Success!!!
2023-06-12 19:36:32 INFO  MyLogger:394 - Screenshot from 2023-05-15 14-59-27.png File Conversion Is Started...
2023-06-12 19:36:32 INFO  MyLogger:416 - Screenshot from 2023-05-15 14-59-27.png To Screenshot from 2023-05-15 14-59-27.txt File Conversion Is Success!!!
2023-06-12 19:36:32 INFO  MyLogger:394 - Screenshot from 2023-05-23 11-09-52.png File Conversion Is Started...
2023-06-12 19:36:32 INFO  MyLogger:416 - Screenshot from 2023-05-23 11-09-52.png To Screenshot from 2023-05-23 11-09-52.txt File Conversion Is Success!!!
2023-06-12 19:36:34 INFO  MyLogger:394 - Screenshot from 2023-05-17 14-47-55.png File Conversion Is Started...
2023-06-12 19:36:34 INFO  MyLogger:416 - Screenshot from 2023-05-17 14-47-55.png To Screenshot from 2023-05-17 14-47-55.txt File Conversion Is Success!!!
2023-06-12 19:36:35 INFO  MyLogger:394 - Screenshot from 2023-05-29 13-28-48.png File Conversion Is Started...
2023-06-12 19:36:35 INFO  MyLogger:416 - Screenshot from 2023-05-29 13-28-48.png To Screenshot from 2023-05-29 13-28-48.txt File Conversion Is Success!!!
2023-06-12 19:36:39 INFO  MyLogger:394 - Screenshot from 2023-05-22 19-53-02.png File Conversion Is Started...
2023-06-12 19:36:39 INFO  MyLogger:416 - Screenshot from 2023-05-22 19-53-02.png To Screenshot from 2023-05-22 19-53-02.txt File Conversion Is Success!!!
2023-06-12 19:36:45 INFO  MyLogger:394 - Screenshot from 2023-05-23 19-18-31.png File Conversion Is Started...
2023-06-12 19:36:45 INFO  MyLogger:416 - Screenshot from 2023-05-23 19-18-31.png To Screenshot from 2023-05-23 19-18-31.txt File Conversion Is Success!!!
2023-06-12 19:36:46 INFO  MyLogger:394 - Screenshot from 2023-05-17 14-47-57.png File Conversion Is Started...
2023-06-12 19:36:46 INFO  MyLogger:416 - Screenshot from 2023-05-17 14-47-57.png To Screenshot from 2023-05-17 14-47-57.txt File Conversion Is Success!!!
2023-06-12 19:36:52 INFO  MyLogger:394 - Screenshot from 2023-05-23 19-18-08.png File Conversion Is Started...
2023-06-12 19:36:52 INFO  MyLogger:416 - Screenshot from 2023-05-23 19-18-08.png To Screenshot from 2023-05-23 19-18-08.txt File Conversion Is Success!!!
2023-06-12 19:36:57 INFO  MyLogger:394 - Screenshot from 2023-05-22 20-00-40.png File Conversion Is Started...
2023-06-12 19:36:57 INFO  MyLogger:416 - Screenshot from 2023-05-22 20-00-40.png To Screenshot from 2023-05-22 20-00-40.txt File Conversion Is Success!!!
2023-06-12 19:36:58 INFO  MyLogger:394 - lol.png File Conversion Is Started...
2023-06-12 19:36:58 INFO  MyLogger:416 - lol.png To lol.txt File Conversion Is Success!!!
2023-06-12 19:36:59 INFO  MyLogger:394 - Screenshot from 2023-05-18 12-29-45.png File Conversion Is Started...
2023-06-12 19:36:59 INFO  MyLogger:416 - Screenshot from 2023-05-18 12-29-45.png To Screenshot from 2023-05-18 12-29-45.txt File Conversion Is Success!!!
2023-06-12 19:37:03 INFO  MyLogger:394 - Screenshot from 2023-05-22 20-01-17.png File Conversion Is Started...
2023-06-12 19:37:03 INFO  MyLogger:416 - Screenshot from 2023-05-22 20-01-17.png To Screenshot from 2023-05-22 20-01-17.txt File Conversion Is Success!!!
2023-06-12 19:37:04 INFO  MyLogger:394 - Screenshot from 2023-05-17 10-39-52.png File Conversion Is Started...
2023-06-12 19:37:04 INFO  MyLogger:416 - Screenshot from 2023-05-17 10-39-52.png To Screenshot from 2023-05-17 10-39-52.txt File Conversion Is Success!!!
2023-06-12 19:37:06 INFO  MyLogger:394 - Screenshot from 2023-06-05 12-07-56.png File Conversion Is Started...
2023-06-12 19:37:06 INFO  MyLogger:416 - Screenshot from 2023-06-05 12-07-56.png To Screenshot from 2023-06-05 12-07-56.txt File Conversion Is Success!!!
2023-06-12 19:37:06 INFO  MyLogger:394 - Screenshot from 2023-05-18 12-24-24.png File Conversion Is Started...
2023-06-12 19:37:06 INFO  MyLogger:416 - Screenshot from 2023-05-18 12-24-24.png To Screenshot from 2023-05-18 12-24-24.txt File Conversion Is Success!!!
2023-06-12 19:37:12 INFO  MyLogger:394 - Screenshot from 2023-05-23 19-18-17.png File Conversion Is Started...
2023-06-12 19:37:12 INFO  MyLogger:416 - Screenshot from 2023-05-23 19-18-17.png To Screenshot from 2023-05-23 19-18-17.txt File Conversion Is Success!!!
2023-06-12 19:37:15 INFO  MyLogger:394 - Simple.png File Conversion Is Started...
2023-06-12 19:37:15 INFO  MyLogger:416 - Simple.png To Simple.txt File Conversion Is Success!!!
2023-06-12 19:37:21 INFO  MyLogger:394 - Screenshot from 2023-05-22 20-00-38.png File Conversion Is Started...
2023-06-12 19:37:21 INFO  MyLogger:416 - Screenshot from 2023-05-22 20-00-38.png To Screenshot from 2023-05-22 20-00-38.txt File Conversion Is Success!!!
2023-06-12 19:37:25 INFO  MyLogger:394 - paragraph2.png File Conversion Is Started...
2023-06-12 19:37:25 INFO  MyLogger:416 - paragraph2.png To paragraph2.txt File Conversion Is Success!!!
2023-06-12 19:37:32 INFO  MyLogger:394 - Screenshot from 2023-06-08 11-44-58.png File Conversion Is Started...
2023-06-12 19:37:32 INFO  MyLogger:416 - Screenshot from 2023-06-08 11-44-58.png To Screenshot from 2023-06-08 11-44-58.txt File Conversion Is Success!!!
2023-06-12 19:37:35 INFO  MyLogger:394 - Screenshot from 2023-06-12 18-40-28.png File Conversion Is Started...
2023-06-12 19:37:35 INFO  MyLogger:416 - Screenshot from 2023-06-12 18-40-28.png To Screenshot from 2023-06-12 18-40-28.txt File Conversion Is Success!!!
2023-06-12 19:37:37 INFO  MyLogger:394 - Screenshot from 2023-05-18 18-52-49.png File Conversion Is Started...
2023-06-12 19:37:37 INFO  MyLogger:416 - Screenshot from 2023-05-18 18-52-49.png To Screenshot from 2023-05-18 18-52-49.txt File Conversion Is Success!!!
2023-06-12 19:37:43 INFO  MyLogger:394 - Screenshot from 2023-05-22 19-53-19.png File Conversion Is Started...
2023-06-12 19:37:43 INFO  MyLogger:416 - Screenshot from 2023-05-22 19-53-19.png To Screenshot from 2023-05-22 19-53-19.txt File Conversion Is Success!!!
2023-06-12 19:37:44 INFO  MyLogger:394 - Screenshot from 2023-05-18 12-28-30.png File Conversion Is Started...
2023-06-12 19:37:44 INFO  MyLogger:416 - Screenshot from 2023-05-18 12-28-30.png To Screenshot from 2023-05-18 12-28-30.txt File Conversion Is Success!!!
2023-06-12 19:37:45 INFO  MyLogger:394 - Screenshot from 2023-05-17 10-53-02.png File Conversion Is Started...
2023-06-12 19:37:45 INFO  MyLogger:416 - Screenshot from 2023-05-17 10-53-02.png To Screenshot from 2023-05-17 10-53-02.txt File Conversion Is Success!!!
2023-06-12 19:37:47 INFO  MyLogger:394 - Sampleeeeee.png File Conversion Is Started...
2023-06-12 19:37:47 INFO  MyLogger:416 - Sampleeeeee.png To Sampleeeeee.txt File Conversion Is Success!!!
2023-06-12 19:37:48 INFO  MyLogger:394 - Screenshot from 2023-05-17 16-16-19.png File Conversion Is Started...
2023-06-12 19:37:48 INFO  MyLogger:416 - Screenshot from 2023-05-17 16-16-19.png To Screenshot from 2023-05-17 16-16-19.txt File Conversion Is Success!!!
2023-06-12 19:37:50 INFO  MyLogger:394 - Screenshot from 2023-05-19 17-12-04.png File Conversion Is Started...
2023-06-12 19:37:50 INFO  MyLogger:416 - Screenshot from 2023-05-19 17-12-04.png To Screenshot from 2023-05-19 17-12-04.txt File Conversion Is Success!!!
2023-06-12 19:37:55 INFO  MyLogger:394 - Screenshot from 2023-06-01 18-29-25.png File Conversion Is Started...
2023-06-12 19:37:55 INFO  MyLogger:416 - Screenshot from 2023-06-01 18-29-25.png To Screenshot from 2023-06-01 18-29-25.txt File Conversion Is Success!!!
2023-06-12 19:37:55 INFO  MyLogger:394 - Screenshot from 2023-05-18 12-23-53.png File Conversion Is Started...
2023-06-12 19:37:55 INFO  MyLogger:416 - Screenshot from 2023-05-18 12-23-53.png To Screenshot from 2023-05-18 12-23-53.txt File Conversion Is Success!!!
2023-06-12 19:37:57 INFO  MyLogger:394 - Screenshot from 2023-05-27 12-22-37.png File Conversion Is Started...
2023-06-12 19:37:57 INFO  MyLogger:416 - Screenshot from 2023-05-27 12-22-37.png To Screenshot from 2023-05-27 12-22-37.txt File Conversion Is Success!!!
2023-06-12 19:38:03 INFO  MyLogger:394 - Screenshot from 2023-05-22 19-53-00.png File Conversion Is Started...
2023-06-12 19:38:03 INFO  MyLogger:416 - Screenshot from 2023-05-22 19-53-00.png To Screenshot from 2023-05-22 19-53-00.txt File Conversion Is Success!!!
2023-06-12 19:38:04 INFO  MyLogger:394 - Screenshot from 2023-05-29 18-26-53.png File Conversion Is Started...
2023-06-12 19:38:04 INFO  MyLogger:416 - Screenshot from 2023-05-29 18-26-53.png To Screenshot from 2023-05-29 18-26-53.txt File Conversion Is Success!!!
2023-06-12 19:38:06 INFO  MyLogger:394 - Screenshot from 2023-05-23 19-19-20.png File Conversion Is Started...
2023-06-12 19:38:06 INFO  MyLogger:416 - Screenshot from 2023-05-23 19-19-20.png To Screenshot from 2023-05-23 19-19-20.txt File Conversion Is Success!!!
2023-06-12 19:38:11 INFO  MyLogger:394 - Screenshot from 2023-05-22 19-53-14.png File Conversion Is Started...
2023-06-12 19:38:11 INFO  MyLogger:416 - Screenshot from 2023-05-22 19-53-14.png To Screenshot from 2023-05-22 19-53-14.txt File Conversion Is Success!!!
2023-06-12 19:38:13 INFO  MyLogger:394 - Screenshot from 2023-05-18 13-17-45.png File Conversion Is Started...
2023-06-12 19:38:13 INFO  MyLogger:416 - Screenshot from 2023-05-18 13-17-45.png To Screenshot from 2023-05-18 13-17-45.txt File Conversion Is Success!!!
2023-06-12 19:38:13 INFO  MyLogger:394 - Screenshot from 2023-05-18 12-23-36.png File Conversion Is Started...
2023-06-12 19:38:13 INFO  MyLogger:416 - Screenshot from 2023-05-18 12-23-36.png To Screenshot from 2023-05-18 12-23-36.txt File Conversion Is Success!!!
2023-06-12 19:38:14 INFO  MyLogger:394 - Screenshot from 2023-06-05 12-08-07.png File Conversion Is Started...
2023-06-12 19:38:14 INFO  MyLogger:416 - Screenshot from 2023-06-05 12-08-07.png To Screenshot from 2023-06-05 12-08-07.txt File Conversion Is Success!!!
2023-06-12 19:38:14 INFO  MyLogger:394 - Screenshot from 2023-06-01 18-29-28.png File Conversion Is Started...
2023-06-12 19:38:14 INFO  MyLogger:416 - Screenshot from 2023-06-01 18-29-28.png To Screenshot from 2023-06-01 18-29-28.txt File Conversion Is Success!!!
2023-06-12 19:38:14 INFO  MyLogger:394 - Screenshot from 2023-05-22 12-30-04.png File Conversion Is Started...
2023-06-12 19:38:14 INFO  MyLogger:416 - Screenshot from 2023-05-22 12-30-04.png To Screenshot from 2023-05-22 12-30-04.txt File Conversion Is Success!!!
2023-06-12 19:38:16 INFO  MyLogger:394 - Screenshot from 2023-05-27 12-22-51.png File Conversion Is Started...
2023-06-12 19:38:16 INFO  MyLogger:416 - Screenshot from 2023-05-27 12-22-51.png To Screenshot from 2023-05-27 12-22-51.txt File Conversion Is Success!!!
2023-06-12 19:38:28 INFO  MyLogger:331 - cautomatic.3.pdf File Conversion Is Started...
2023-06-12 19:38:28 INFO  MyLogger:349 - cautomatic.3.pdf To cautomatic.3.txt File Conversion Is Success!!!
2023-06-12 19:38:31 INFO  MyLogger:394 - bparagraph1.2.png File Conversion Is Started...
2023-06-12 19:38:31 INFO  MyLogger:416 - bparagraph1.2.png To bparagraph1.2.txt File Conversion Is Success!!!
2023-06-12 19:39:10 INFO  MyLogger:52 - Option {1. PDF to txt }, {2. png to txt}, {3. for both (png & pdf to txt)}
2023-06-12 19:39:12 INFO  MyLogger:46 - Please Enter The File Name or 0 to convert all files and also for Exit
2023-06-12 19:39:13 INFO  MyLogger:394 - toucan.png File Conversion Is Started...
2023-06-12 19:39:13 INFO  MyLogger:416 - toucan.png To toucan.txt File Conversion Is Success!!!
2023-06-12 19:39:13 INFO  MyLogger:394 - tardis.png File Conversion Is Started...
2023-06-12 19:39:13 INFO  MyLogger:416 - tardis.png To tardis.txt File Conversion Is Success!!!
2023-06-12 19:39:13 INFO  MyLogger:394 - test_icon.png File Conversion Is Started...
2023-06-12 19:39:13 INFO  MyLogger:416 - test_icon.png To test_icon.txt File Conversion Is Success!!!
2023-06-12 19:39:14 INFO  MyLogger:394 - logo.png File Conversion Is Started...
2023-06-12 19:39:14 INFO  MyLogger:416 - logo.png To logo.txt File Conversion Is Success!!!
2023-06-12 19:39:28 INFO  MyLogger:331 - cautomatic.pdf File Conversion Is Started...
2023-06-12 19:39:28 INFO  MyLogger:349 - cautomatic.pdf To cautomatic.txt File Conversion Is Success!!!
2023-06-12 19:39:28 INFO  MyLogger:394 - ocr.png File Conversion Is Started...
2023-06-12 19:39:28 INFO  MyLogger:416 - ocr.png To ocr.txt File Conversion Is Success!!!
2023-06-12 19:39:28 INFO  MyLogger:394 - spanish.png File Conversion Is Started...
2023-06-12 19:39:28 INFO  MyLogger:416 - spanish.png To spanish.txt File Conversion Is Success!!!
2023-06-12 19:39:29 INFO  MyLogger:394 - asposeSmall.png File Conversion Is Started...
2023-06-12 19:39:29 INFO  MyLogger:416 - asposeSmall.png To asposeSmall.txt File Conversion Is Success!!!
2023-06-12 19:39:29 INFO  MyLogger:394 - long_bannerIntelliJ.png File Conversion Is Started...
2023-06-12 19:39:29 INFO  MyLogger:416 - long_bannerIntelliJ.png To long_bannerIntelliJ.txt File Conversion Is Success!!!
2023-06-12 19:39:29 INFO  MyLogger:394 - aspose.png File Conversion Is Started...
2023-06-12 19:39:29 INFO  MyLogger:416 - aspose.png To aspose.txt File Conversion Is Success!!!
2023-06-12 19:39:29 INFO  MyLogger:394 - asposeMedium.png File Conversion Is Started...
2023-06-12 19:39:29 INFO  MyLogger:416 - asposeMedium.png To asposeMedium.txt File Conversion Is Success!!!
2023-06-12 19:39:43 INFO  MyLogger:394 - p.png File Conversion Is Started...
2023-06-12 19:39:43 INFO  MyLogger:416 - p.png To p.txt File Conversion Is Success!!!
